<?xml version="1.0" encoding="utf-8"?>
<shfbBuild product="Sandcastle Help File Builder and Tools" version="2021.4.9.0" projectFile="C:\Users\Albert\Documents\GitHub\SecureCode\P1SecureCode\Documentacion_ComponenteAccesoDatos\Documentacion_ComponenteAccesoDatos.shfbproj" started="11/01/2023 15:36:34">
<buildStep step="Initializing">
Finding tools...
The Sandcastle tools are located in &#39;C:\Program Files (x86)\EWSoftware\Sandcastle Help File Builder\&#39;
Searching for HTML Help 1 compiler...
Found HTML Help 1 compiler in &#39;C:\Program Files (x86)\HTML Help Workshop\&#39;
Locating components in the following folder(s):
    C:\Users\Albert\Documents\GitHub\SecureCode\P1SecureCode\Documentacion_ComponenteAccesoDatos
    C:\ProgramData\EWSoftware\Sandcastle Help File Builder\Components and Plug-Ins\
    C:\Program Files (x86)\EWSoftware\Sandcastle Help File Builder\
Using framework reflection data for &#39;.NET Framework 4.7.2&#39; located in &#39;C:\Program Files (x86)\EWSoftware\Sandcastle Help File Builder\Data\.NETFramework&#39;
Using presentation style &#39;VS2013&#39; located in &#39;C:\Program Files (x86)\EWSoftware\Sandcastle Help File Builder\PresentationStyles\VS2013&#39;
Loading and initializing plug-ins...
Lightweight Website Style Version 2021.4.9.0
Copyright &#169; 2006-2021, Eric Woodruff, All Rights Reserved
Portions Copyright &#169; 2014, Sam Harwell, All Rights Reserved
</buildStep>
<buildStep step="ValidatingDocumentationSources">
Validating and copying documentation source information
Source: C:\Users\Albert\Documents\GitHub\SecureCode\P1SecureCode\Compilacion\ComponenteAccesoDatos.dll
SHFB: Warning BE0006: Unable to locate any documentation sources for &#39;C:\Users\Albert\Documents\GitHub\SecureCode\P1SecureCode\Compilacion\ComponenteAccesoDatos.dll&#39; (Configuration: Debug Platform: AnyCPU)
Source: C:\Users\Albert\Documents\GitHub\SecureCode\P1SecureCode\Compilacion\ComponenteAccesoDatos.xml
SHFB: Warning BE0006: Unable to locate any documentation sources for &#39;C:\Users\Albert\Documents\GitHub\SecureCode\P1SecureCode\Compilacion\ComponenteAccesoDatos.xml&#39; (Configuration: Debug Platform: AnyCPU)
    Last step completed in 00:00:00,0048
</buildStep>
<buildStep step="Failed">

SHFB: Error BE0042: You must specify at least one documentation source in the form of an assembly or a Visual Studio solution/project file
   en SandcastleBuilder.Utils.BuildEngine.BuildProcess.ValidateDocumentationSources()
   en SandcastleBuilder.Utils.BuildEngine.BuildProcess.Build()

</buildStep>
</shfbBuild>
